Arguments: 
  D:\nodejs\node.exe C:\Users\Bianca\AppData\Roaming\npm\node_modules\yarn\bin\yarn.js add --dev @expo / webpack - config

PATH: 
  C:\Program Files\Common Files\Oracle\Java\javapath;C:\Program Files (x86)\Common Files\Oracle\Java\javapath;C:\WINDOWS\system32;C:\WINDOWS;C:\WINDOWS\System32\Wbem;C:\WINDOWS\System32\WindowsPowerShell\v1.0\;C:\WINDOWS\System32\OpenSSH\;C:\PROGRA~2\TABLEC~1.01;C:\Program Files\MATLAB\R2020b\bin;D:\Java\jdk-17_windows-x64_bin\jdk-17\bin;D:\MinGW\bin;D:\MATLAB\runtime\win64;D:\MATLAB\bin;D:\MATLAB\R2021b\runtime\win64;D:\MATLAB\R2021b\bin;D:\nodejs\;D:\Cygwin\bin\cygwin1.dll;;D:\Objective Caml\bin;C:\ProgramData\chocolatey\bin;C:\Users\Bianca\AppData\Local\Microsoft\WindowsApps;C:\Users\Bianca\AppData\Local\Programs\Microsoft VS Code\bin;D:\OCaml64\home\Bianca\.opam\4.13.1+mingw64c\bin;C:\Users\Bianca\AppData\Local\GitHubDesktop\bin;C:\Users\Bianca\AppData\Local\GitHubDesktop\app-2.9.11\resources\app\git\cmd;C:\Users\Bianca\AppData\Roaming\npm;D:\iverilog\bin;D:\iverilog\gtkwave\bin;D:\Cygwin\bin\cygwin1.dll;D:\flutter_windows_2.10.5-stable\flutter\bin;C:\Users\Bianca\AppData\Roaming\cabal\bin;C:\tools\ghc-9.2.2\bin;C:\tools\msys64;;D:\ghcup\bin

Yarn version: 
  1.22.18

Node version: 
  16.14.2

Platform: 
  win32 x64

Trace: 
  Error: https://registry.yarnpkg.com/@expo: Request "https://registry.yarnpkg.com/@expo" returned a 405
      at Request.params.callback [as _callback] (C:\Users\Bianca\AppData\Roaming\npm\node_modules\yarn\lib\cli.js:66147:18)
      at Request.self.callback (C:\Users\Bianca\AppData\Roaming\npm\node_modules\yarn\lib\cli.js:140883:22)
      at Request.emit (node:events:526:28)
      at Request.<anonymous> (C:\Users\Bianca\AppData\Roaming\npm\node_modules\yarn\lib\cli.js:141855:10)
      at Request.emit (node:events:526:28)
      at IncomingMessage.<anonymous> (C:\Users\Bianca\AppData\Roaming\npm\node_modules\yarn\lib\cli.js:141777:12)
      at Object.onceWrapper (node:events:645:28)
      at IncomingMessage.emit (node:events:538:35)
      at endReadableNT (node:internal/streams/readable:1345:12)
      at processTicksAndRejections (node:internal/process/task_queues:83:21)

npm manifest: 
  {
    "name": "wellnessapp",
    "version": "1.0.0",
    "main": "node_modules/expo/AppEntry.js",
    "scripts": {
      "start": "expo start",
      "android": "expo start --android",
      "ios": "expo start --ios",
      "web": "expo start --web",
      "eject": "expo eject",
      "test": "jest --verbose"
    },
    "dependencies": {
      "@emotion/react": "^11.9.0",
      "@emotion/styled": "^11.8.1",
      "@eva-design/eva": "^2.1.1",
      "@fortawesome/fontawesome-svg-core": "^6.1.1",
      "@fortawesome/free-solid-svg-icons": "^6.1.1",
      "@fortawesome/react-fontawesome": "^0.1.18",
      "@material-ui/core": "^4.12.4",
      "@material-ui/lab": "^4.0.0-alpha.61",
      "@mui/material": "^5.8.0",
      "@react-native-async-storage/async-storage": "^1.17.4",
      "@react-native-community/blur": "^3.6.0",
      "@react-native-community/checkbox": "^0.5.12",
      "@react-native-picker/picker": "2.4.0",
      "@react-navigation/bottom-tabs": "^6.3.1",
      "@react-navigation/native": "^6.0.10",
      "@react-navigation/native-stack": "^6.6.2",
      "@reduxjs/toolkit": "^1.8.1",
      "@syncfusion/ej2-react-dropdowns": "^20.1.52",
      "@ui-kitten/components": "^5.1.2",
      "expo": "~45.0.0",
      "expo-asset": "~8.5.0",
      "expo-file-system": "~14.0.0",
      "expo-sqlite": "~10.2.0",
      "expo-status-bar": "~1.3.0",
      "firebase": "^8.2.3",
      "idb": "^7.0.1",
      "lodash": "^4.17.21",
      "react": "^18.1.0",
      "react-dom": "^18.1.0",
      "react-native": "0.68.2",
      "react-native-calendar": "^0.13.1",
      "react-native-calendars": "^1.1276.0",
      "react-native-cards": "^1.1.4",
      "react-native-fs": "^2.20.0",
      "react-native-gesture-handler": "^2.4.2",
      "react-native-keyboard-aware-scroll-view": "^0.9.5",
      "react-native-maps": "0.30.1",
      "react-native-material-cards": "^1.0.16",
      "react-native-material-dropdown": "^0.11.1",
      "react-native-paper": "^4.12.1",
      "react-native-push-notification": "^8.1.1",
      "react-native-safe-area-context": "4.2.4",
      "react-native-screens": "~3.11.1",
      "react-native-sqlite-storage": "^6.0.1",
      "react-native-svg": "^12.3.0",
      "react-native-vector-icons": "^9.1.0",
      "react-native-video": "^5.2.0",
      "react-native-web": "0.17.7",
      "react-native-webview": "11.18.1",
      "react-native-youtube-iframe": "^2.2.2",
      "react-navigation": "^4.0.10",
      "react-redux": "^8.0.1",
      "react-spring": "^9.4.5",
      "react-widgets": "^5.8.4",
      "redux": "^4.2.0",
      "redux-mock-store": "^1.5.4",
      "redux-thunk": "^2.4.1"
    },
    "devDependencies": {
      "@babel/core": "^7.12.9",
      "@testing-library/react-native": "^9.1.0",
      "jest": "^28.1.0",
      "react-native-bundle-visualizer": "^3.1.1"
    },
    "jest": {
      "globals": {
        "__DEV__": true
      },
      "transformIgnorePatterns": [
        "node_modules/(?!@react-native|react-native)",
        "node_modules/(?!react-native|)"
      ],
      "moduleFileExtensions": [
        "ts",
        "tsx",
        "js",
        "jsx",
        "json",
        "node"
      ]
    },
    "private": true,
    "rnpm": {
      "assets": [
        "./src/assets/fonts/"
      ]
    },
    "moduleNameMapper": {
      "^react-native$": "react-native-web"
    }
  }

yarn manifest: 
  No manifest

Lockfile: 
  No lockfile
